[INFO] 2016-11-28 16:01:32,594  hello
[INFO] 2016-11-28 16:01:32,801  hello
[INFO] 2016-11-28 16:01:32,950  hello
[INFO] 2016-11-28 16:01:33,111  hello
[INFO] 2016-11-28 16:01:33,292  hello
[INFO] 2016-11-28 16:01:33,417  hello
[INFO] 2016-11-28 16:01:33,569  hello
[INFO] 2016-11-28 16:01:33,690  hello
[INFO] 2016-11-28 16:23:29,414  New domain found by BingEngine: intl.garena.com
[INFO] 2016-11-28 16:23:29,414  New domain found by BingEngine: dthero.garena.com
[INFO] 2016-11-28 16:23:29,414  New domain found by BingEngine: pbic.pb.garena.com
[INFO] 2016-11-28 16:23:29,414  New domain found by BingEngine: corporate.garena.com
[INFO] 2016-11-28 16:23:29,414  New domain found by BingEngine: esports.ava.garena.com
[INFO] 2016-11-28 16:23:29,414  New domain found by BingEngine: tour.hon.garena.com
[INFO] 2016-11-28 16:23:29,414  New domain found by BingEngine: career.garena.com
[INFO] 2016-11-28 16:23:29,414  New domain found by BingEngine: luckydraw.ava.garena.com
[INFO] 2016-11-28 16:23:29,414  New domain found by BingEngine: clan.intl.garena.com
[INFO] 2016-11-28 16:23:29,414  New domain found by BingEngine: redeem.pb.garena.com
[INFO] 2016-11-28 16:23:29,414  New domain found by BingEngine: pb.garena.com
[INFO] 2016-11-28 16:23:29,414  New domain found by BingEngine: t.garena.com
[INFO] 2016-11-28 16:23:29,414  New domain found by BingEngine: tlc.garena.com
[INFO] 2016-11-28 16:23:29,414  New domain found by BingEngine: forum.pb.garena.com
[INFO] 2016-11-28 16:23:29,415  New domain found by BingEngine: borrow.garena.com
[INFO] 2016-11-28 16:23:29,415  New domain found by BingEngine: carnival.garena.com
[INFO] 2016-11-28 16:23:29,415  New domain found by BingEngine: energy.garena.com
[INFO] 2016-11-28 16:23:29,415  New domain found by BingEngine: kbm.fo3.garena.com
[INFO] 2016-11-28 16:23:29,415  New domain found by BingEngine: gplplayoffs.garena.com
[INFO] 2016-11-28 16:23:29,415  New domain found by BingEngine: golddragon.ava.garena.com
[INFO] 2016-11-28 16:23:29,415  New domain found by BingEngine: shop.fo3.garena.com
[INFO] 2016-11-28 16:23:29,415  New domain found by BingEngine: support.lol.garena.com
[INFO] 2016-11-28 16:23:29,415  New domain found by BingEngine: dqmsl.garena.com
[INFO] 2016-11-28 16:23:29,415  New domain found by BingEngine: championship.ava.garena.com
[INFO] 2016-11-28 16:23:29,415  New domain found by BingEngine: hon.garena.com
[INFO] 2016-11-28 16:23:29,415  New domain found by BingEngine: login813.ava.garena.com
[INFO] 2016-11-28 16:23:29,415  New domain found by BingEngine: mission.pb.garena.com
[INFO] 2016-11-28 16:23:29,415  New domain found by BingEngine: pickem.lol.garena.com
[INFO] 2016-11-28 16:23:29,415  New domain found by BingEngine: forum.ava.garena.com
[INFO] 2016-11-28 16:23:29,417  New domain found by BingEngine: sgcl.lol.garena.com
[INFO] 2016-11-28 16:23:29,417  New domain found by BingEngine: kakibolaclash.fo3.garena.com
[INFO] 2016-11-28 16:23:29,417  New domain found by BingEngine: iwcavote.garena.com
[INFO] 2016-11-28 16:23:29,417  New domain found by BingEngine: security.garena.com
[INFO] 2016-11-28 16:23:29,417  New domain found by BingEngine: esports.garena.com
[INFO] 2016-11-28 16:23:29,417  New domain found by BingEngine: lol.garena.com
[INFO] 2016-11-28 16:23:29,417  New domain found by BingEngine: freeday.ava.garena.com
[INFO] 2016-11-28 16:23:29,417  New domain found by BingEngine: design.ava.garena.com
[INFO] 2016-11-28 16:23:29,417  New domain found by BingEngine: alphacup.ava.garena.com
[INFO] 2016-11-28 16:23:29,417  New domain found by BingEngine: mycl.lol.garena.com
[INFO] 2016-11-28 16:23:29,417  New domain found by BingEngine: coupon.fo3.garena.com
[INFO] 2016-11-28 16:23:29,417  New domain found by BingEngine: lolachievements.garena.com
[INFO] 2016-11-28 16:23:29,417  New domain found by BingEngine: welcome.ava.garena.com
[INFO] 2016-11-28 16:23:29,417  New domain found by BingEngine: honredeem.garena.com
[INFO] 2016-11-28 16:23:29,417  New domain found by BingEngine: event.poe.garena.com
[INFO] 2016-11-28 16:23:29,417  New domain found by BingEngine: headshot.garena.com
[INFO] 2016-11-28 16:23:29,417  New domain found by BingEngine: pay.garena.com
[INFO] 2016-11-28 16:23:29,417  New domain found by BingEngine: gcms2.garena.com
[INFO] 2016-11-28 16:23:29,417  New domain found by BingEngine: shop.pb.garena.com
[INFO] 2016-11-28 16:23:29,417  New domain found by BingEngine: forum.lol.garena.com
[INFO] 2016-11-28 16:23:29,417  New domain found by BingEngine: premium.ava.garena.com
[INFO] 2016-11-28 16:23:29,417  New domain found by BingEngine: gpl.garena.com
[INFO] 2016-11-28 16:23:29,417  New domain found by BingEngine: redeem.thunderstrike.garena.com
[INFO] 2016-11-28 16:23:29,417  New domain found by BingEngine: about.garena.com
[INFO] 2016-11-28 16:23:29,418  New domain found by BingEngine: coupon.ava.garena.com
[INFO] 2016-11-28 16:23:29,418  New domain found by BingEngine: dailylogin.ava.garena.com
[INFO] 2016-11-28 16:23:29,418  New domain found by BingEngine: mshl.hon.garena.com
[INFO] 2016-11-28 16:23:29,418  New domain found by BingEngine: ranking.fo3.garena.com
[INFO] 2016-11-28 16:23:29,418  New domain found by BingEngine: web.poe.garena.com
[INFO] 2016-11-28 16:23:29,418  New domain found by BingEngine: sso.garena.com
[INFO] 2016-11-28 16:23:29,418  New domain found by BingEngine: changename.garena.com
[INFO] 2016-11-28 16:23:29,418  New domain found by BingEngine: gcl.garena.com
[INFO] 2016-11-28 16:23:29,418  New domain found by BingEngine: reset2ndpass.fo3.garena.com
[INFO] 2016-11-28 16:23:29,418  New domain found by BingEngine: iow.lol.garena.com
[INFO] 2016-11-28 16:23:29,418  New domain found by BingEngine: honfanart.garena.com
[INFO] 2016-11-28 16:23:29,418  New domain found by BingEngine: forum.garena.com
[INFO] 2016-11-28 16:23:29,418  New domain found by BingEngine: luckybox.fo3.garena.com
[INFO] 2016-11-28 16:23:29,418  New domain found by BingEngine: fo3.garena.com
[INFO] 2016-11-28 16:23:29,420  New domain found by BingEngine: ava.garena.com
[INFO] 2016-11-28 16:23:29,420  New domain found by BingEngine: dailytask.lol.garena.com
[INFO] 2016-11-28 16:23:29,420  New domain found by BingEngine: fs5.ava.garena.com
[INFO] 2016-11-28 16:23:29,420  New domain found by BingEngine: thunderstrike.garena.com
[INFO] 2016-11-28 16:23:29,420  New domain found by BingEngine: forum.hon.garena.com
[INFO] 2016-11-28 16:23:29,420  New domain found by BingEngine: level.garena.com
[INFO] 2016-11-28 16:23:29,420  New domain found by BingEngine: fs3.ava.garena.com
[INFO] 2016-11-28 16:23:29,420  New domain found by BingEngine: lunar.ava.garena.com
[INFO] 2016-11-28 16:23:29,420  New domain found by BingEngine: forum.fo3.garena.com
[INFO] 2016-11-28 16:23:29,420  New domain found by BingEngine: poe.garena.com
[INFO] 2016-11-28 16:23:29,420  New domain found by BingEngine: account.garena.com
[INFO] 2016-11-28 16:23:29,420  New domain found by BingEngine: thesmackdown.garena.com
[INFO] 2016-11-28 16:23:29,420  New domain found by BingEngine: live.garena.com
[INFO] 2016-11-28 16:23:29,421  New domain found by BingEngine: buyrp.garena.com
[INFO] 2016-11-28 16:23:29,421  New domain found by BingEngine: weekendcup.lol.garena.com
[INFO] 2016-11-28 16:23:29,421  New domain found by BingEngine: www.garena.com
[INFO] 2016-11-28 16:23:29,421  New domain found by BingEngine: predict.sgcl.lol.garena.com
[INFO] 2016-11-28 16:23:29,421  New domain found by BingEngine: gcg.garena.com
[INFO] 2016-11-28 16:23:29,421  New domain found by BingEngine: beta-launch.garena.com
[INFO] 2016-11-28 16:23:29,421  New domain found by BingEngine: beta.lol.garena.com
[INFO] 2016-11-28 16:23:29,421  New domain found by BingEngine: fs2.ava.garena.com
[INFO] 2016-11-28 16:23:29,421  New domain found by BingEngine: teemorookiecup.lol.garena.com
[INFO] 2016-11-28 16:23:29,421  New domain found by BingEngine: fs1.ava.garena.com
[INFO] 2016-11-28 16:23:29,421  New domain found by BingEngine: mobile.garena.com
[INFO] 2016-11-28 16:23:29,421  New domain found by BaiduEngine: email.garena.com
[INFO] 2016-11-28 16:23:29,421  New domain found by BaiduEngine: shopee.garena.com
[INFO] 2016-11-28 16:23:29,421  New domain found by BaiduEngine: us.garena.com
[INFO] 2016-11-28 16:23:29,421  New domain found by BaiduEngine: refer.ava.garena.com
[INFO] 2016-11-28 16:23:29,421  New domain found by BaiduEngine: fbcallback.garena.com
[INFO] 2016-11-28 16:23:29,421  New domain found by BaiduEngine: forum.poe.garena.com
[INFO] 2016-11-28 16:23:29,423  New domain found by BaiduEngine: thhon.garena.com
[INFO] 2016-11-28 16:23:29,423  New domain found by BaiduEngine: dominion.garena.com
[INFO] 2016-11-28 16:23:29,423  New domain found by BaiduEngine: gca.garena.com
[INFO] 2016-11-28 16:23:29,423  New domain found by BaiduEngine: cny2015.poe.garena.com
[INFO] 2016-11-28 16:23:29,423  New domain found by BaiduEngine: plus.garena.com
[INFO] 2016-11-28 16:23:29,423  New domain found by BaiduEngine: gas.garena.com
[INFO] 2016-11-28 16:23:29,423  New domain found by BaiduEngine: forum.sng.garena.com
[INFO] 2016-11-28 16:23:29,423  New domain found by BaiduEngine: web.garena.com
[INFO] 2016-11-28 16:23:29,423  New domain found by BaiduEngine: shop.ava.garena.com
[INFO] 2016-11-28 16:23:29,424  New domain found by BaiduEngine: register.garena.com
[INFO] 2016-11-28 16:23:29,424  New domain found by BaiduEngine: fs4.ava.garena.com
